<?xml version="1.0" encoding="UTF-8"?>
<!-- Generated by org.testng.reporters.JUnitXMLReporter -->
<testsuite hostname="HDC4-D-38P0RG2" ignored="2" name="Default test" tests="2" failures="0" timestamp="29 Oct 2019 12:02:43 GMT" time="0.052" errors="0">
  <testcase name="Addcart" time="0.013" classname="Selenium.Demo.NewTest"/>
  <testcase name="closure" time="0.003" classname="Selenium.Demo.NewTest"/>
  <testcase name="login" time="0.0" classname="Selenium.Demo.NewTest">
    <ignored/>
  </testcase> <!-- login -->
  <testcase name="f" time="0.0" classname="Selenium.Demo.NewTest">
    <ignored/>
  </testcase> <!-- f -->
</testsuite> <!-- Default test -->
