<?xml version="1.0" encoding="UTF-8"?>
<testng-results skipped="0" failed="1" ignored="0" total="4" passed="3">
  <reporter-output>
  </reporter-output>
  <suite name="Suite" duration-ms="79" started-at="2019-10-29T17:51:54 IST" finished-at="2019-10-29T17:51:54 IST">
    <groups>
      <group name="Sanity">
        <method signature="NewTestTest.AddcartTest()[pri:0, instance:Selenium.Demo.NewTestTest@7d907bac]" name="AddcartTest" class="Selenium.Demo.NewTestTest"/>
        <method signature="NewTestTest.closureTest()[pri:0, instance:Selenium.Demo.NewTestTest@7d907bac]" name="closureTest" class="Selenium.Demo.NewTestTest"/>
        <method signature="NewTestTest.fTest()[pri:0, instance:Selenium.Demo.NewTestTest@7d907bac]" name="fTest" class="Selenium.Demo.NewTestTest"/>
        <method signature="NewTestTest.loginTest()[pri:0, instance:Selenium.Demo.NewTestTest@7d907bac]" name="loginTest" class="Selenium.Demo.NewTestTest"/>
      </group> <!-- Sanity -->
    </groups>
    <test name="Test" duration-ms="79" started-at="2019-10-29T17:51:54 IST" finished-at="2019-10-29T17:51:54 IST">
      <class name="Selenium.Demo.NewTestTest">
        <test-method status="PASS" signature="AddcartTest()[pri:0, instance:Selenium.Demo.NewTestTest@7d907bac]" name="AddcartTest" duration-ms="12" started-at="2019-10-29T17:51:54 IST" finished-at="2019-10-29T17:51:54 IST">
          <reporter-output>
          </reporter-output>
        </test-method> <!-- AddcartTest -->
        <test-method status="PASS" signature="closureTest()[pri:0, instance:Selenium.Demo.NewTestTest@7d907bac]" name="closureTest" duration-ms="1" started-at="2019-10-29T17:51:54 IST" finished-at="2019-10-29T17:51:54 IST">
          <reporter-output>
          </reporter-output>
        </test-method> <!-- closureTest -->
        <test-method status="PASS" signature="fTest()[pri:0, instance:Selenium.Demo.NewTestTest@7d907bac]" name="fTest" duration-ms="3" started-at="2019-10-29T17:51:54 IST" finished-at="2019-10-29T17:51:54 IST">
          <reporter-output>
          </reporter-output>
        </test-method> <!-- fTest -->
        <test-method status="FAIL" signature="loginTest()[pri:0, instance:Selenium.Demo.NewTestTest@7d907bac]" name="loginTest" duration-ms="2" started-at="2019-10-29T17:51:54 IST" finished-at="2019-10-29T17:51:54 IST">
          <exception class="java.lang.RuntimeException">
            <message>
              <![CDATA[Test not implemented]]>
            </message>
            <full-stacktrace>
              <![CDATA[java.lang.RuntimeException: Test not implemented
at Selenium.Demo.NewTestTest.loginTest(NewTestTest.java:24)
at sun.reflect.NativeMethodAccessorImpl.invoke0(Native Method)
at sun.reflect.NativeMethodAccessorImpl.invoke(NativeMethodAccessorImpl.java:62)
at sun.reflect.DelegatingMethodAccessorImpl.invoke(DelegatingMethodAccessorImpl.java:43)
at java.lang.reflect.Method.invoke(Method.java:498)
at org.testng.internal.MethodInvocationHelper.invokeMethod(MethodInvocationHelper.java:133)
at org.testng.internal.TestInvoker.invokeMethod(TestInvoker.java:584)
at org.testng.internal.TestInvoker.invokeTestMethod(TestInvoker.java:172)
at org.testng.internal.MethodRunner.runInSequence(MethodRunner.java:46)
at org.testng.internal.TestInvoker$MethodInvocationAgent.invoke(TestInvoker.java:804)
at org.testng.internal.TestInvoker.invokeTestMethods(TestInvoker.java:145)
at org.testng.internal.TestMethodWorker.invokeTestMethods(TestMethodWorker.java:146)
at org.testng.internal.TestMethodWorker.run(TestMethodWorker.java:128)
at java.util.ArrayList.forEach(ArrayList.java:1257)
at org.testng.TestRunner.privateRun(TestRunner.java:770)
at org.testng.TestRunner.run(TestRunner.java:591)
at org.testng.SuiteRunner.runTest(SuiteRunner.java:402)
at org.testng.SuiteRunner.runSequentially(SuiteRunner.java:396)
at org.testng.SuiteRunner.privateRun(SuiteRunner.java:355)
at org.testng.SuiteRunner.run(SuiteRunner.java:304)
at org.testng.SuiteRunnerWorker.runSuite(SuiteRunnerWorker.java:53)
at org.testng.SuiteRunnerWorker.run(SuiteRunnerWorker.java:96)
at org.testng.TestNG.runSuitesSequentially(TestNG.java:1180)
at org.testng.TestNG.runSuitesLocally(TestNG.java:1102)
at org.testng.TestNG.runSuites(TestNG.java:1032)
at org.testng.TestNG.run(TestNG.java:1000)
at org.testng.remote.AbstractRemoteTestNG.run(AbstractRemoteTestNG.java:115)
at org.testng.remote.RemoteTestNG.initAndRun(RemoteTestNG.java:251)
at org.testng.remote.RemoteTestNG.main(RemoteTestNG.java:77)
]]>
            </full-stacktrace>
          </exception> <!-- java.lang.RuntimeException -->
          <reporter-output>
          </reporter-output>
        </test-method> <!-- loginTest -->
      </class> <!-- Selenium.Demo.NewTestTest -->
    </test> <!-- Test -->
  </suite> <!-- Suite -->
</testng-results>
